INFO - 2024-09-30 08:18:29 --> Session: Class initialized using 'CodeIgniter\Session\Handlers\FileHandler' driver.
INFO - 2024-09-30 08:18:29 --> Session: Class initialized using 'CodeIgniter\Session\Handlers\FileHandler' driver.
INFO - 2024-09-30 08:18:36 --> Session: Class initialized using 'CodeIgniter\Session\Handlers\FileHandler' driver.
INFO - 2024-09-30 08:18:37 --> Session: Class initialized using 'CodeIgniter\Session\Handlers\FileHandler' driver.
INFO - 2024-09-30 08:18:37 --> Session: Class initialized using 'CodeIgniter\Session\Handlers\FileHandler' driver.
WARNING - 2024-09-30 08:18:37 --> [DEPRECATED] explode(): Passing null to parameter #2 ($string) of type string is deprecated in APPPATH/Views/Dashboard/infoUser_view.php on line 59.
 1 APPPATH/Views/Dashboard/infoUser_view.php(59): explode(',', null)
 2 SYSTEMPATH/View/View.php(213): include('APPPATH/Views/Dashboard/infoUser_view.php')
 3 SYSTEMPATH/View/View.php(216): CodeIgniter\View\View->CodeIgniter\View\{closure}()
 4 SYSTEMPATH/Common.php(1177): CodeIgniter\View\View->render('Dashboard/infoUser_view', [], true)
 5 APPPATH/Controllers/User.php(50): view('Dashboard/infoUser_view', [...])
 6 SYSTEMPATH/CodeIgniter.php(934): App\Controllers\User->dash('ROOTPATH/public')
 7 SYSTEMPATH/CodeIgniter.php(499): CodeIgniter\CodeIgniter->runController(Object(App\Controllers\User))
 8 SYSTEMPATH/CodeIgniter.php(368): CodeIgniter\CodeIgniter->handleRequest(null, Object(Config\Cache), false)
 9 FCPATH/index.php(67): CodeIgniter\CodeIgniter->run()
10 SYSTEMPATH/Commands/Server/rewrite.php(47): require_once('FCPATH/index.php')
WARNING - 2024-09-30 08:18:37 --> [DEPRECATED] explode(): Passing null to parameter #2 ($string) of type string is deprecated in APPPATH/Views/Dashboard/infoUser_view.php on line 59.
 1 APPPATH/Views/Dashboard/infoUser_view.php(59): explode(',', null)
 2 SYSTEMPATH/View/View.php(213): include('APPPATH/Views/Dashboard/infoUser_view.php')
 3 SYSTEMPATH/View/View.php(216): CodeIgniter\View\View->CodeIgniter\View\{closure}()
 4 SYSTEMPATH/Common.php(1177): CodeIgniter\View\View->render('Dashboard/infoUser_view', [], true)
 5 APPPATH/Controllers/User.php(50): view('Dashboard/infoUser_view', [...])
 6 SYSTEMPATH/CodeIgniter.php(934): App\Controllers\User->dash('ROOTPATH/public')
 7 SYSTEMPATH/CodeIgniter.php(499): CodeIgniter\CodeIgniter->runController(Object(App\Controllers\User))
 8 SYSTEMPATH/CodeIgniter.php(368): CodeIgniter\CodeIgniter->handleRequest(null, Object(Config\Cache), false)
 9 FCPATH/index.php(67): CodeIgniter\CodeIgniter->run()
10 SYSTEMPATH/Commands/Server/rewrite.php(47): require_once('FCPATH/index.php')
WARNING - 2024-09-30 08:18:37 --> [DEPRECATED] explode(): Passing null to parameter #2 ($string) of type string is deprecated in APPPATH/Views/Dashboard/infoUser_view.php on line 59.
 1 APPPATH/Views/Dashboard/infoUser_view.php(59): explode(',', null)
 2 SYSTEMPATH/View/View.php(213): include('APPPATH/Views/Dashboard/infoUser_view.php')
 3 SYSTEMPATH/View/View.php(216): CodeIgniter\View\View->CodeIgniter\View\{closure}()
 4 SYSTEMPATH/Common.php(1177): CodeIgniter\View\View->render('Dashboard/infoUser_view', [], true)
 5 APPPATH/Controllers/User.php(50): view('Dashboard/infoUser_view', [...])
 6 SYSTEMPATH/CodeIgniter.php(934): App\Controllers\User->dash('ROOTPATH/public')
 7 SYSTEMPATH/CodeIgniter.php(499): CodeIgniter\CodeIgniter->runController(Object(App\Controllers\User))
 8 SYSTEMPATH/CodeIgniter.php(368): CodeIgniter\CodeIgniter->handleRequest(null, Object(Config\Cache), false)
 9 FCPATH/index.php(67): CodeIgniter\CodeIgniter->run()
10 SYSTEMPATH/Commands/Server/rewrite.php(47): require_once('FCPATH/index.php')
WARNING - 2024-09-30 08:18:37 --> [DEPRECATED] explode(): Passing null to parameter #2 ($string) of type string is deprecated in APPPATH/Views/Dashboard/infoUser_view.php on line 59.
 1 APPPATH/Views/Dashboard/infoUser_view.php(59): explode(',', null)
 2 SYSTEMPATH/View/View.php(213): include('APPPATH/Views/Dashboard/infoUser_view.php')
 3 SYSTEMPATH/View/View.php(216): CodeIgniter\View\View->CodeIgniter\View\{closure}()
 4 SYSTEMPATH/Common.php(1177): CodeIgniter\View\View->render('Dashboard/infoUser_view', [], true)
 5 APPPATH/Controllers/User.php(50): view('Dashboard/infoUser_view', [...])
 6 SYSTEMPATH/CodeIgniter.php(934): App\Controllers\User->dash('ROOTPATH/public')
 7 SYSTEMPATH/CodeIgniter.php(499): CodeIgniter\CodeIgniter->runController(Object(App\Controllers\User))
 8 SYSTEMPATH/CodeIgniter.php(368): CodeIgniter\CodeIgniter->handleRequest(null, Object(Config\Cache), false)
 9 FCPATH/index.php(67): CodeIgniter\CodeIgniter->run()
10 SYSTEMPATH/Commands/Server/rewrite.php(47): require_once('FCPATH/index.php')
INFO - 2024-09-30 08:18:49 --> Session: Class initialized using 'CodeIgniter\Session\Handlers\FileHandler' driver.
INFO - 2024-09-30 08:19:00 --> Session: Class initialized using 'CodeIgniter\Session\Handlers\FileHandler' driver.
INFO - 2024-09-30 08:19:00 --> Session: Class initialized using 'CodeIgniter\Session\Handlers\FileHandler' driver.
WARNING - 2024-09-30 08:19:00 --> [DEPRECATED] explode(): Passing null to parameter #2 ($string) of type string is deprecated in APPPATH/Views/Dashboard/infoUser_view.php on line 59.
 1 APPPATH/Views/Dashboard/infoUser_view.php(59): explode(',', null)
 2 SYSTEMPATH/View/View.php(213): include('APPPATH/Views/Dashboard/infoUser_view.php')
 3 SYSTEMPATH/View/View.php(216): CodeIgniter\View\View->CodeIgniter\View\{closure}()
 4 SYSTEMPATH/Common.php(1177): CodeIgniter\View\View->render('Dashboard/infoUser_view', [], true)
 5 APPPATH/Controllers/User.php(50): view('Dashboard/infoUser_view', [...])
 6 SYSTEMPATH/CodeIgniter.php(934): App\Controllers\User->dash('ROOTPATH/public')
 7 SYSTEMPATH/CodeIgniter.php(499): CodeIgniter\CodeIgniter->runController(Object(App\Controllers\User))
 8 SYSTEMPATH/CodeIgniter.php(368): CodeIgniter\CodeIgniter->handleRequest(null, Object(Config\Cache), false)
 9 FCPATH/index.php(67): CodeIgniter\CodeIgniter->run()
10 SYSTEMPATH/Commands/Server/rewrite.php(47): require_once('FCPATH/index.php')
WARNING - 2024-09-30 08:19:00 --> [DEPRECATED] explode(): Passing null to parameter #2 ($string) of type string is deprecated in APPPATH/Views/Dashboard/infoUser_view.php on line 59.
 1 APPPATH/Views/Dashboard/infoUser_view.php(59): explode(',', null)
 2 SYSTEMPATH/View/View.php(213): include('APPPATH/Views/Dashboard/infoUser_view.php')
 3 SYSTEMPATH/View/View.php(216): CodeIgniter\View\View->CodeIgniter\View\{closure}()
 4 SYSTEMPATH/Common.php(1177): CodeIgniter\View\View->render('Dashboard/infoUser_view', [], true)
 5 APPPATH/Controllers/User.php(50): view('Dashboard/infoUser_view', [...])
 6 SYSTEMPATH/CodeIgniter.php(934): App\Controllers\User->dash('ROOTPATH/public')
 7 SYSTEMPATH/CodeIgniter.php(499): CodeIgniter\CodeIgniter->runController(Object(App\Controllers\User))
 8 SYSTEMPATH/CodeIgniter.php(368): CodeIgniter\CodeIgniter->handleRequest(null, Object(Config\Cache), false)
 9 FCPATH/index.php(67): CodeIgniter\CodeIgniter->run()
10 SYSTEMPATH/Commands/Server/rewrite.php(47): require_once('FCPATH/index.php')
WARNING - 2024-09-30 08:19:00 --> [DEPRECATED] explode(): Passing null to parameter #2 ($string) of type string is deprecated in APPPATH/Views/Dashboard/infoUser_view.php on line 59.
 1 APPPATH/Views/Dashboard/infoUser_view.php(59): explode(',', null)
 2 SYSTEMPATH/View/View.php(213): include('APPPATH/Views/Dashboard/infoUser_view.php')
 3 SYSTEMPATH/View/View.php(216): CodeIgniter\View\View->CodeIgniter\View\{closure}()
 4 SYSTEMPATH/Common.php(1177): CodeIgniter\View\View->render('Dashboard/infoUser_view', [], true)
 5 APPPATH/Controllers/User.php(50): view('Dashboard/infoUser_view', [...])
 6 SYSTEMPATH/CodeIgniter.php(934): App\Controllers\User->dash('ROOTPATH/public')
 7 SYSTEMPATH/CodeIgniter.php(499): CodeIgniter\CodeIgniter->runController(Object(App\Controllers\User))
 8 SYSTEMPATH/CodeIgniter.php(368): CodeIgniter\CodeIgniter->handleRequest(null, Object(Config\Cache), false)
 9 FCPATH/index.php(67): CodeIgniter\CodeIgniter->run()
10 SYSTEMPATH/Commands/Server/rewrite.php(47): require_once('FCPATH/index.php')
WARNING - 2024-09-30 08:19:00 --> [DEPRECATED] explode(): Passing null to parameter #2 ($string) of type string is deprecated in APPPATH/Views/Dashboard/infoUser_view.php on line 59.
 1 APPPATH/Views/Dashboard/infoUser_view.php(59): explode(',', null)
 2 SYSTEMPATH/View/View.php(213): include('APPPATH/Views/Dashboard/infoUser_view.php')
 3 SYSTEMPATH/View/View.php(216): CodeIgniter\View\View->CodeIgniter\View\{closure}()
 4 SYSTEMPATH/Common.php(1177): CodeIgniter\View\View->render('Dashboard/infoUser_view', [], true)
 5 APPPATH/Controllers/User.php(50): view('Dashboard/infoUser_view', [...])
 6 SYSTEMPATH/CodeIgniter.php(934): App\Controllers\User->dash('ROOTPATH/public')
 7 SYSTEMPATH/CodeIgniter.php(499): CodeIgniter\CodeIgniter->runController(Object(App\Controllers\User))
 8 SYSTEMPATH/CodeIgniter.php(368): CodeIgniter\CodeIgniter->handleRequest(null, Object(Config\Cache), false)
 9 FCPATH/index.php(67): CodeIgniter\CodeIgniter->run()
10 SYSTEMPATH/Commands/Server/rewrite.php(47): require_once('FCPATH/index.php')
INFO - 2024-09-30 08:19:05 --> Session: Class initialized using 'CodeIgniter\Session\Handlers\FileHandler' driver.
INFO - 2024-09-30 08:19:05 --> Session: Class initialized using 'CodeIgniter\Session\Handlers\FileHandler' driver.
INFO - 2024-09-30 08:19:13 --> Session: Class initialized using 'CodeIgniter\Session\Handlers\FileHandler' driver.
INFO - 2024-09-30 08:19:52 --> Session: Class initialized using 'CodeIgniter\Session\Handlers\FileHandler' driver.
INFO - 2024-09-30 08:19:52 --> Session: Class initialized using 'CodeIgniter\Session\Handlers\FileHandler' driver.
WARNING - 2024-09-30 08:19:52 --> [DEPRECATED] explode(): Passing null to parameter #2 ($string) of type string is deprecated in APPPATH/Views/Dashboard/infoUser_view.php on line 59.
 1 APPPATH/Views/Dashboard/infoUser_view.php(59): explode(',', null)
 2 SYSTEMPATH/View/View.php(213): include('APPPATH/Views/Dashboard/infoUser_view.php')
 3 SYSTEMPATH/View/View.php(216): CodeIgniter\View\View->CodeIgniter\View\{closure}()
 4 SYSTEMPATH/Common.php(1177): CodeIgniter\View\View->render('Dashboard/infoUser_view', [], true)
 5 APPPATH/Controllers/User.php(50): view('Dashboard/infoUser_view', [...])
 6 SYSTEMPATH/CodeIgniter.php(934): App\Controllers\User->dash('ROOTPATH/public')
 7 SYSTEMPATH/CodeIgniter.php(499): CodeIgniter\CodeIgniter->runController(Object(App\Controllers\User))
 8 SYSTEMPATH/CodeIgniter.php(368): CodeIgniter\CodeIgniter->handleRequest(null, Object(Config\Cache), false)
 9 FCPATH/index.php(67): CodeIgniter\CodeIgniter->run()
10 SYSTEMPATH/Commands/Server/rewrite.php(47): require_once('FCPATH/index.php')
WARNING - 2024-09-30 08:19:52 --> [DEPRECATED] explode(): Passing null to parameter #2 ($string) of type string is deprecated in APPPATH/Views/Dashboard/infoUser_view.php on line 59.
 1 APPPATH/Views/Dashboard/infoUser_view.php(59): explode(',', null)
 2 SYSTEMPATH/View/View.php(213): include('APPPATH/Views/Dashboard/infoUser_view.php')
 3 SYSTEMPATH/View/View.php(216): CodeIgniter\View\View->CodeIgniter\View\{closure}()
 4 SYSTEMPATH/Common.php(1177): CodeIgniter\View\View->render('Dashboard/infoUser_view', [], true)
 5 APPPATH/Controllers/User.php(50): view('Dashboard/infoUser_view', [...])
 6 SYSTEMPATH/CodeIgniter.php(934): App\Controllers\User->dash('ROOTPATH/public')
 7 SYSTEMPATH/CodeIgniter.php(499): CodeIgniter\CodeIgniter->runController(Object(App\Controllers\User))
 8 SYSTEMPATH/CodeIgniter.php(368): CodeIgniter\CodeIgniter->handleRequest(null, Object(Config\Cache), false)
 9 FCPATH/index.php(67): CodeIgniter\CodeIgniter->run()
10 SYSTEMPATH/Commands/Server/rewrite.php(47): require_once('FCPATH/index.php')
WARNING - 2024-09-30 08:19:52 --> [DEPRECATED] explode(): Passing null to parameter #2 ($string) of type string is deprecated in APPPATH/Views/Dashboard/infoUser_view.php on line 59.
 1 APPPATH/Views/Dashboard/infoUser_view.php(59): explode(',', null)
 2 SYSTEMPATH/View/View.php(213): include('APPPATH/Views/Dashboard/infoUser_view.php')
 3 SYSTEMPATH/View/View.php(216): CodeIgniter\View\View->CodeIgniter\View\{closure}()
 4 SYSTEMPATH/Common.php(1177): CodeIgniter\View\View->render('Dashboard/infoUser_view', [], true)
 5 APPPATH/Controllers/User.php(50): view('Dashboard/infoUser_view', [...])
 6 SYSTEMPATH/CodeIgniter.php(934): App\Controllers\User->dash('ROOTPATH/public')
 7 SYSTEMPATH/CodeIgniter.php(499): CodeIgniter\CodeIgniter->runController(Object(App\Controllers\User))
 8 SYSTEMPATH/CodeIgniter.php(368): CodeIgniter\CodeIgniter->handleRequest(null, Object(Config\Cache), false)
 9 FCPATH/index.php(67): CodeIgniter\CodeIgniter->run()
10 SYSTEMPATH/Commands/Server/rewrite.php(47): require_once('FCPATH/index.php')
WARNING - 2024-09-30 08:19:52 --> [DEPRECATED] explode(): Passing null to parameter #2 ($string) of type string is deprecated in APPPATH/Views/Dashboard/infoUser_view.php on line 59.
 1 APPPATH/Views/Dashboard/infoUser_view.php(59): explode(',', null)
 2 SYSTEMPATH/View/View.php(213): include('APPPATH/Views/Dashboard/infoUser_view.php')
 3 SYSTEMPATH/View/View.php(216): CodeIgniter\View\View->CodeIgniter\View\{closure}()
 4 SYSTEMPATH/Common.php(1177): CodeIgniter\View\View->render('Dashboard/infoUser_view', [], true)
 5 APPPATH/Controllers/User.php(50): view('Dashboard/infoUser_view', [...])
 6 SYSTEMPATH/CodeIgniter.php(934): App\Controllers\User->dash('ROOTPATH/public')
 7 SYSTEMPATH/CodeIgniter.php(499): CodeIgniter\CodeIgniter->runController(Object(App\Controllers\User))
 8 SYSTEMPATH/CodeIgniter.php(368): CodeIgniter\CodeIgniter->handleRequest(null, Object(Config\Cache), false)
 9 FCPATH/index.php(67): CodeIgniter\CodeIgniter->run()
10 SYSTEMPATH/Commands/Server/rewrite.php(47): require_once('FCPATH/index.php')
INFO - 2024-09-30 08:20:00 --> Session: Class initialized using 'CodeIgniter\Session\Handlers\FileHandler' driver.
INFO - 2024-09-30 08:20:00 --> Session: Class initialized using 'CodeIgniter\Session\Handlers\FileHandler' driver.
WARNING - 2024-09-30 08:20:00 --> [DEPRECATED] explode(): Passing null to parameter #2 ($string) of type string is deprecated in APPPATH/Views/Dashboard/infoUser_view.php on line 59.
 1 APPPATH/Views/Dashboard/infoUser_view.php(59): explode(',', null)
 2 SYSTEMPATH/View/View.php(213): include('APPPATH/Views/Dashboard/infoUser_view.php')
 3 SYSTEMPATH/View/View.php(216): CodeIgniter\View\View->CodeIgniter\View\{closure}()
 4 SYSTEMPATH/Common.php(1177): CodeIgniter\View\View->render('Dashboard/infoUser_view', [], true)
 5 APPPATH/Controllers/User.php(50): view('Dashboard/infoUser_view', [...])
 6 SYSTEMPATH/CodeIgniter.php(934): App\Controllers\User->dash('ROOTPATH/public')
 7 SYSTEMPATH/CodeIgniter.php(499): CodeIgniter\CodeIgniter->runController(Object(App\Controllers\User))
 8 SYSTEMPATH/CodeIgniter.php(368): CodeIgniter\CodeIgniter->handleRequest(null, Object(Config\Cache), false)
 9 FCPATH/index.php(67): CodeIgniter\CodeIgniter->run()
10 SYSTEMPATH/Commands/Server/rewrite.php(47): require_once('FCPATH/index.php')
WARNING - 2024-09-30 08:20:00 --> [DEPRECATED] explode(): Passing null to parameter #2 ($string) of type string is deprecated in APPPATH/Views/Dashboard/infoUser_view.php on line 59.
 1 APPPATH/Views/Dashboard/infoUser_view.php(59): explode(',', null)
 2 SYSTEMPATH/View/View.php(213): include('APPPATH/Views/Dashboard/infoUser_view.php')
 3 SYSTEMPATH/View/View.php(216): CodeIgniter\View\View->CodeIgniter\View\{closure}()
 4 SYSTEMPATH/Common.php(1177): CodeIgniter\View\View->render('Dashboard/infoUser_view', [], true)
 5 APPPATH/Controllers/User.php(50): view('Dashboard/infoUser_view', [...])
 6 SYSTEMPATH/CodeIgniter.php(934): App\Controllers\User->dash('ROOTPATH/public')
 7 SYSTEMPATH/CodeIgniter.php(499): CodeIgniter\CodeIgniter->runController(Object(App\Controllers\User))
 8 SYSTEMPATH/CodeIgniter.php(368): CodeIgniter\CodeIgniter->handleRequest(null, Object(Config\Cache), false)
 9 FCPATH/index.php(67): CodeIgniter\CodeIgniter->run()
10 SYSTEMPATH/Commands/Server/rewrite.php(47): require_once('FCPATH/index.php')
WARNING - 2024-09-30 08:20:00 --> [DEPRECATED] explode(): Passing null to parameter #2 ($string) of type string is deprecated in APPPATH/Views/Dashboard/infoUser_view.php on line 59.
 1 APPPATH/Views/Dashboard/infoUser_view.php(59): explode(',', null)
 2 SYSTEMPATH/View/View.php(213): include('APPPATH/Views/Dashboard/infoUser_view.php')
 3 SYSTEMPATH/View/View.php(216): CodeIgniter\View\View->CodeIgniter\View\{closure}()
 4 SYSTEMPATH/Common.php(1177): CodeIgniter\View\View->render('Dashboard/infoUser_view', [], true)
 5 APPPATH/Controllers/User.php(50): view('Dashboard/infoUser_view', [...])
 6 SYSTEMPATH/CodeIgniter.php(934): App\Controllers\User->dash('ROOTPATH/public')
 7 SYSTEMPATH/CodeIgniter.php(499): CodeIgniter\CodeIgniter->runController(Object(App\Controllers\User))
 8 SYSTEMPATH/CodeIgniter.php(368): CodeIgniter\CodeIgniter->handleRequest(null, Object(Config\Cache), false)
 9 FCPATH/index.php(67): CodeIgniter\CodeIgniter->run()
10 SYSTEMPATH/Commands/Server/rewrite.php(47): require_once('FCPATH/index.php')
WARNING - 2024-09-30 08:20:00 --> [DEPRECATED] explode(): Passing null to parameter #2 ($string) of type string is deprecated in APPPATH/Views/Dashboard/infoUser_view.php on line 59.
 1 APPPATH/Views/Dashboard/infoUser_view.php(59): explode(',', null)
 2 SYSTEMPATH/View/View.php(213): include('APPPATH/Views/Dashboard/infoUser_view.php')
 3 SYSTEMPATH/View/View.php(216): CodeIgniter\View\View->CodeIgniter\View\{closure}()
 4 SYSTEMPATH/Common.php(1177): CodeIgniter\View\View->render('Dashboard/infoUser_view', [], true)
 5 APPPATH/Controllers/User.php(50): view('Dashboard/infoUser_view', [...])
 6 SYSTEMPATH/CodeIgniter.php(934): App\Controllers\User->dash('ROOTPATH/public')
 7 SYSTEMPATH/CodeIgniter.php(499): CodeIgniter\CodeIgniter->runController(Object(App\Controllers\User))
 8 SYSTEMPATH/CodeIgniter.php(368): CodeIgniter\CodeIgniter->handleRequest(null, Object(Config\Cache), false)
 9 FCPATH/index.php(67): CodeIgniter\CodeIgniter->run()
10 SYSTEMPATH/Commands/Server/rewrite.php(47): require_once('FCPATH/index.php')
INFO - 2024-09-30 08:20:10 --> Session: Class initialized using 'CodeIgniter\Session\Handlers\FileHandler' driver.
INFO - 2024-09-30 08:20:16 --> Session: Class initialized using 'CodeIgniter\Session\Handlers\FileHandler' driver.
INFO - 2024-09-30 08:20:16 --> Session: Class initialized using 'CodeIgniter\Session\Handlers\FileHandler' driver.
WARNING - 2024-09-30 08:20:16 --> [DEPRECATED] explode(): Passing null to parameter #2 ($string) of type string is deprecated in APPPATH/Views/Dashboard/infoUser_view.php on line 59.
 1 APPPATH/Views/Dashboard/infoUser_view.php(59): explode(',', null)
 2 SYSTEMPATH/View/View.php(213): include('APPPATH/Views/Dashboard/infoUser_view.php')
 3 SYSTEMPATH/View/View.php(216): CodeIgniter\View\View->CodeIgniter\View\{closure}()
 4 SYSTEMPATH/Common.php(1177): CodeIgniter\View\View->render('Dashboard/infoUser_view', [], true)
 5 APPPATH/Controllers/User.php(50): view('Dashboard/infoUser_view', [...])
 6 SYSTEMPATH/CodeIgniter.php(934): App\Controllers\User->dash('ROOTPATH/public')
 7 SYSTEMPATH/CodeIgniter.php(499): CodeIgniter\CodeIgniter->runController(Object(App\Controllers\User))
 8 SYSTEMPATH/CodeIgniter.php(368): CodeIgniter\CodeIgniter->handleRequest(null, Object(Config\Cache), false)
 9 FCPATH/index.php(67): CodeIgniter\CodeIgniter->run()
10 SYSTEMPATH/Commands/Server/rewrite.php(47): require_once('FCPATH/index.php')
WARNING - 2024-09-30 08:20:16 --> [DEPRECATED] explode(): Passing null to parameter #2 ($string) of type string is deprecated in APPPATH/Views/Dashboard/infoUser_view.php on line 59.
 1 APPPATH/Views/Dashboard/infoUser_view.php(59): explode(',', null)
 2 SYSTEMPATH/View/View.php(213): include('APPPATH/Views/Dashboard/infoUser_view.php')
 3 SYSTEMPATH/View/View.php(216): CodeIgniter\View\View->CodeIgniter\View\{closure}()
 4 SYSTEMPATH/Common.php(1177): CodeIgniter\View\View->render('Dashboard/infoUser_view', [], true)
 5 APPPATH/Controllers/User.php(50): view('Dashboard/infoUser_view', [...])
 6 SYSTEMPATH/CodeIgniter.php(934): App\Controllers\User->dash('ROOTPATH/public')
 7 SYSTEMPATH/CodeIgniter.php(499): CodeIgniter\CodeIgniter->runController(Object(App\Controllers\User))
 8 SYSTEMPATH/CodeIgniter.php(368): CodeIgniter\CodeIgniter->handleRequest(null, Object(Config\Cache), false)
 9 FCPATH/index.php(67): CodeIgniter\CodeIgniter->run()
10 SYSTEMPATH/Commands/Server/rewrite.php(47): require_once('FCPATH/index.php')
WARNING - 2024-09-30 08:20:16 --> [DEPRECATED] explode(): Passing null to parameter #2 ($string) of type string is deprecated in APPPATH/Views/Dashboard/infoUser_view.php on line 59.
 1 APPPATH/Views/Dashboard/infoUser_view.php(59): explode(',', null)
 2 SYSTEMPATH/View/View.php(213): include('APPPATH/Views/Dashboard/infoUser_view.php')
 3 SYSTEMPATH/View/View.php(216): CodeIgniter\View\View->CodeIgniter\View\{closure}()
 4 SYSTEMPATH/Common.php(1177): CodeIgniter\View\View->render('Dashboard/infoUser_view', [], true)
 5 APPPATH/Controllers/User.php(50): view('Dashboard/infoUser_view', [...])
 6 SYSTEMPATH/CodeIgniter.php(934): App\Controllers\User->dash('ROOTPATH/public')
 7 SYSTEMPATH/CodeIgniter.php(499): CodeIgniter\CodeIgniter->runController(Object(App\Controllers\User))
 8 SYSTEMPATH/CodeIgniter.php(368): CodeIgniter\CodeIgniter->handleRequest(null, Object(Config\Cache), false)
 9 FCPATH/index.php(67): CodeIgniter\CodeIgniter->run()
10 SYSTEMPATH/Commands/Server/rewrite.php(47): require_once('FCPATH/index.php')
WARNING - 2024-09-30 08:20:16 --> [DEPRECATED] explode(): Passing null to parameter #2 ($string) of type string is deprecated in APPPATH/Views/Dashboard/infoUser_view.php on line 59.
 1 APPPATH/Views/Dashboard/infoUser_view.php(59): explode(',', null)
 2 SYSTEMPATH/View/View.php(213): include('APPPATH/Views/Dashboard/infoUser_view.php')
 3 SYSTEMPATH/View/View.php(216): CodeIgniter\View\View->CodeIgniter\View\{closure}()
 4 SYSTEMPATH/Common.php(1177): CodeIgniter\View\View->render('Dashboard/infoUser_view', [], true)
 5 APPPATH/Controllers/User.php(50): view('Dashboard/infoUser_view', [...])
 6 SYSTEMPATH/CodeIgniter.php(934): App\Controllers\User->dash('ROOTPATH/public')
 7 SYSTEMPATH/CodeIgniter.php(499): CodeIgniter\CodeIgniter->runController(Object(App\Controllers\User))
 8 SYSTEMPATH/CodeIgniter.php(368): CodeIgniter\CodeIgniter->handleRequest(null, Object(Config\Cache), false)
 9 FCPATH/index.php(67): CodeIgniter\CodeIgniter->run()
10 SYSTEMPATH/Commands/Server/rewrite.php(47): require_once('FCPATH/index.php')
INFO - 2024-09-30 08:20:25 --> Session: Class initialized using 'CodeIgniter\Session\Handlers\FileHandler' driver.
INFO - 2024-09-30 08:20:25 --> Session: Class initialized using 'CodeIgniter\Session\Handlers\FileHandler' driver.
INFO - 2024-09-30 08:20:29 --> Session: Class initialized using 'CodeIgniter\Session\Handlers\FileHandler' driver.
INFO - 2024-09-30 08:20:29 --> Session: Class initialized using 'CodeIgniter\Session\Handlers\FileHandler' driver.
INFO - 2024-09-30 08:20:29 --> Session: Class initialized using 'CodeIgniter\Session\Handlers\FileHandler' driver.
WARNING - 2024-09-30 08:20:29 --> [DEPRECATED] explode(): Passing null to parameter #2 ($string) of type string is deprecated in APPPATH/Views/Dashboard/infoUser_view.php on line 59.
 1 APPPATH/Views/Dashboard/infoUser_view.php(59): explode(',', null)
 2 SYSTEMPATH/View/View.php(213): include('APPPATH/Views/Dashboard/infoUser_view.php')
 3 SYSTEMPATH/View/View.php(216): CodeIgniter\View\View->CodeIgniter\View\{closure}()
 4 SYSTEMPATH/Common.php(1177): CodeIgniter\View\View->render('Dashboard/infoUser_view', [], true)
 5 APPPATH/Controllers/User.php(50): view('Dashboard/infoUser_view', [...])
 6 SYSTEMPATH/CodeIgniter.php(934): App\Controllers\User->dash('ROOTPATH/public')
 7 SYSTEMPATH/CodeIgniter.php(499): CodeIgniter\CodeIgniter->runController(Object(App\Controllers\User))
 8 SYSTEMPATH/CodeIgniter.php(368): CodeIgniter\CodeIgniter->handleRequest(null, Object(Config\Cache), false)
 9 FCPATH/index.php(67): CodeIgniter\CodeIgniter->run()
10 SYSTEMPATH/Commands/Server/rewrite.php(47): require_once('FCPATH/index.php')
WARNING - 2024-09-30 08:20:29 --> [DEPRECATED] explode(): Passing null to parameter #2 ($string) of type string is deprecated in APPPATH/Views/Dashboard/infoUser_view.php on line 59.
 1 APPPATH/Views/Dashboard/infoUser_view.php(59): explode(',', null)
 2 SYSTEMPATH/View/View.php(213): include('APPPATH/Views/Dashboard/infoUser_view.php')
 3 SYSTEMPATH/View/View.php(216): CodeIgniter\View\View->CodeIgniter\View\{closure}()
 4 SYSTEMPATH/Common.php(1177): CodeIgniter\View\View->render('Dashboard/infoUser_view', [], true)
 5 APPPATH/Controllers/User.php(50): view('Dashboard/infoUser_view', [...])
 6 SYSTEMPATH/CodeIgniter.php(934): App\Controllers\User->dash('ROOTPATH/public')
 7 SYSTEMPATH/CodeIgniter.php(499): CodeIgniter\CodeIgniter->runController(Object(App\Controllers\User))
 8 SYSTEMPATH/CodeIgniter.php(368): CodeIgniter\CodeIgniter->handleRequest(null, Object(Config\Cache), false)
 9 FCPATH/index.php(67): CodeIgniter\CodeIgniter->run()
10 SYSTEMPATH/Commands/Server/rewrite.php(47): require_once('FCPATH/index.php')
WARNING - 2024-09-30 08:20:29 --> [DEPRECATED] explode(): Passing null to parameter #2 ($string) of type string is deprecated in APPPATH/Views/Dashboard/infoUser_view.php on line 59.
 1 APPPATH/Views/Dashboard/infoUser_view.php(59): explode(',', null)
 2 SYSTEMPATH/View/View.php(213): include('APPPATH/Views/Dashboard/infoUser_view.php')
 3 SYSTEMPATH/View/View.php(216): CodeIgniter\View\View->CodeIgniter\View\{closure}()
 4 SYSTEMPATH/Common.php(1177): CodeIgniter\View\View->render('Dashboard/infoUser_view', [], true)
 5 APPPATH/Controllers/User.php(50): view('Dashboard/infoUser_view', [...])
 6 SYSTEMPATH/CodeIgniter.php(934): App\Controllers\User->dash('ROOTPATH/public')
 7 SYSTEMPATH/CodeIgniter.php(499): CodeIgniter\CodeIgniter->runController(Object(App\Controllers\User))
 8 SYSTEMPATH/CodeIgniter.php(368): CodeIgniter\CodeIgniter->handleRequest(null, Object(Config\Cache), false)
 9 FCPATH/index.php(67): CodeIgniter\CodeIgniter->run()
10 SYSTEMPATH/Commands/Server/rewrite.php(47): require_once('FCPATH/index.php')
WARNING - 2024-09-30 08:20:29 --> [DEPRECATED] explode(): Passing null to parameter #2 ($string) of type string is deprecated in APPPATH/Views/Dashboard/infoUser_view.php on line 59.
 1 APPPATH/Views/Dashboard/infoUser_view.php(59): explode(',', null)
 2 SYSTEMPATH/View/View.php(213): include('APPPATH/Views/Dashboard/infoUser_view.php')
 3 SYSTEMPATH/View/View.php(216): CodeIgniter\View\View->CodeIgniter\View\{closure}()
 4 SYSTEMPATH/Common.php(1177): CodeIgniter\View\View->render('Dashboard/infoUser_view', [], true)
 5 APPPATH/Controllers/User.php(50): view('Dashboard/infoUser_view', [...])
 6 SYSTEMPATH/CodeIgniter.php(934): App\Controllers\User->dash('ROOTPATH/public')
 7 SYSTEMPATH/CodeIgniter.php(499): CodeIgniter\CodeIgniter->runController(Object(App\Controllers\User))
 8 SYSTEMPATH/CodeIgniter.php(368): CodeIgniter\CodeIgniter->handleRequest(null, Object(Config\Cache), false)
 9 FCPATH/index.php(67): CodeIgniter\CodeIgniter->run()
10 SYSTEMPATH/Commands/Server/rewrite.php(47): require_once('FCPATH/index.php')
INFO - 2024-09-30 08:20:35 --> Session: Class initialized using 'CodeIgniter\Session\Handlers\FileHandler' driver.
INFO - 2024-09-30 08:20:44 --> Session: Class initialized using 'CodeIgniter\Session\Handlers\FileHandler' driver.
WARNING - 2024-09-30 08:20:44 --> [DEPRECATED] explode(): Passing null to parameter #2 ($string) of type string is deprecated in APPPATH/Views/Dashboard/infoUser_view.php on line 59.
 1 APPPATH/Views/Dashboard/infoUser_view.php(59): explode(',', null)
 2 SYSTEMPATH/View/View.php(213): include('APPPATH/Views/Dashboard/infoUser_view.php')
 3 SYSTEMPATH/View/View.php(216): CodeIgniter\View\View->CodeIgniter\View\{closure}()
 4 SYSTEMPATH/Common.php(1177): CodeIgniter\View\View->render('Dashboard/infoUser_view', [], true)
 5 APPPATH/Controllers/User.php(50): view('Dashboard/infoUser_view', [...])
 6 SYSTEMPATH/CodeIgniter.php(934): App\Controllers\User->dash('ROOTPATH/public')
 7 SYSTEMPATH/CodeIgniter.php(499): CodeIgniter\CodeIgniter->runController(Object(App\Controllers\User))
 8 SYSTEMPATH/CodeIgniter.php(368): CodeIgniter\CodeIgniter->handleRequest(null, Object(Config\Cache), false)
 9 FCPATH/index.php(67): CodeIgniter\CodeIgniter->run()
10 SYSTEMPATH/Commands/Server/rewrite.php(47): require_once('FCPATH/index.php')
WARNING - 2024-09-30 08:20:44 --> [DEPRECATED] explode(): Passing null to parameter #2 ($string) of type string is deprecated in APPPATH/Views/Dashboard/infoUser_view.php on line 59.
 1 APPPATH/Views/Dashboard/infoUser_view.php(59): explode(',', null)
 2 SYSTEMPATH/View/View.php(213): include('APPPATH/Views/Dashboard/infoUser_view.php')
 3 SYSTEMPATH/View/View.php(216): CodeIgniter\View\View->CodeIgniter\View\{closure}()
 4 SYSTEMPATH/Common.php(1177): CodeIgniter\View\View->render('Dashboard/infoUser_view', [], true)
 5 APPPATH/Controllers/User.php(50): view('Dashboard/infoUser_view', [...])
 6 SYSTEMPATH/CodeIgniter.php(934): App\Controllers\User->dash('ROOTPATH/public')
 7 SYSTEMPATH/CodeIgniter.php(499): CodeIgniter\CodeIgniter->runController(Object(App\Controllers\User))
 8 SYSTEMPATH/CodeIgniter.php(368): CodeIgniter\CodeIgniter->handleRequest(null, Object(Config\Cache), false)
 9 FCPATH/index.php(67): CodeIgniter\CodeIgniter->run()
10 SYSTEMPATH/Commands/Server/rewrite.php(47): require_once('FCPATH/index.php')
WARNING - 2024-09-30 08:20:44 --> [DEPRECATED] explode(): Passing null to parameter #2 ($string) of type string is deprecated in APPPATH/Views/Dashboard/infoUser_view.php on line 59.
 1 APPPATH/Views/Dashboard/infoUser_view.php(59): explode(',', null)
 2 SYSTEMPATH/View/View.php(213): include('APPPATH/Views/Dashboard/infoUser_view.php')
 3 SYSTEMPATH/View/View.php(216): CodeIgniter\View\View->CodeIgniter\View\{closure}()
 4 SYSTEMPATH/Common.php(1177): CodeIgniter\View\View->render('Dashboard/infoUser_view', [], true)
 5 APPPATH/Controllers/User.php(50): view('Dashboard/infoUser_view', [...])
 6 SYSTEMPATH/CodeIgniter.php(934): App\Controllers\User->dash('ROOTPATH/public')
 7 SYSTEMPATH/CodeIgniter.php(499): CodeIgniter\CodeIgniter->runController(Object(App\Controllers\User))
 8 SYSTEMPATH/CodeIgniter.php(368): CodeIgniter\CodeIgniter->handleRequest(null, Object(Config\Cache), false)
 9 FCPATH/index.php(67): CodeIgniter\CodeIgniter->run()
10 SYSTEMPATH/Commands/Server/rewrite.php(47): require_once('FCPATH/index.php')
WARNING - 2024-09-30 08:20:44 --> [DEPRECATED] explode(): Passing null to parameter #2 ($string) of type string is deprecated in APPPATH/Views/Dashboard/infoUser_view.php on line 59.
 1 APPPATH/Views/Dashboard/infoUser_view.php(59): explode(',', null)
 2 SYSTEMPATH/View/View.php(213): include('APPPATH/Views/Dashboard/infoUser_view.php')
 3 SYSTEMPATH/View/View.php(216): CodeIgniter\View\View->CodeIgniter\View\{closure}()
 4 SYSTEMPATH/Common.php(1177): CodeIgniter\View\View->render('Dashboard/infoUser_view', [], true)
 5 APPPATH/Controllers/User.php(50): view('Dashboard/infoUser_view', [...])
 6 SYSTEMPATH/CodeIgniter.php(934): App\Controllers\User->dash('ROOTPATH/public')
 7 SYSTEMPATH/CodeIgniter.php(499): CodeIgniter\CodeIgniter->runController(Object(App\Controllers\User))
 8 SYSTEMPATH/CodeIgniter.php(368): CodeIgniter\CodeIgniter->handleRequest(null, Object(Config\Cache), false)
 9 FCPATH/index.php(67): CodeIgniter\CodeIgniter->run()
10 SYSTEMPATH/Commands/Server/rewrite.php(47): require_once('FCPATH/index.php')
INFO - 2024-09-30 08:20:48 --> Session: Class initialized using 'CodeIgniter\Session\Handlers\FileHandler' driver.
INFO - 2024-09-30 08:20:48 --> Session: Class initialized using 'CodeIgniter\Session\Handlers\FileHandler' driver.
INFO - 2024-09-30 08:20:52 --> Session: Class initialized using 'CodeIgniter\Session\Handlers\FileHandler' driver.
INFO - 2024-09-30 08:20:53 --> Session: Class initialized using 'CodeIgniter\Session\Handlers\FileHandler' driver.
INFO - 2024-09-30 08:20:53 --> Session: Class initialized using 'CodeIgniter\Session\Handlers\FileHandler' driver.
INFO - 2024-09-30 08:20:57 --> Session: Class initialized using 'CodeIgniter\Session\Handlers\FileHandler' driver.
INFO - 2024-09-30 08:21:21 --> Session: Class initialized using 'CodeIgniter\Session\Handlers\FileHandler' driver.
INFO - 2024-09-30 08:21:21 --> Session: Class initialized using 'CodeIgniter\Session\Handlers\FileHandler' driver.
INFO - 2024-09-30 08:21:36 --> Session: Class initialized using 'CodeIgniter\Session\Handlers\FileHandler' driver.
INFO - 2024-09-30 08:22:26 --> Session: Class initialized using 'CodeIgniter\Session\Handlers\FileHandler' driver.
INFO - 2024-09-30 08:22:26 --> Session: Class initialized using 'CodeIgniter\Session\Handlers\FileHandler' driver.
