INFO - 2024-09-26 02:45:05 --> Session: Class initialized using 'CodeIgniter\Session\Handlers\FileHandler' driver.
INFO - 2024-09-26 02:45:15 --> Session: Class initialized using 'CodeIgniter\Session\Handlers\FileHandler' driver.
INFO - 2024-09-26 02:45:15 --> Session: Class initialized using 'CodeIgniter\Session\Handlers\FileHandler' driver.
INFO - 2024-09-26 02:45:16 --> Session: Class initialized using 'CodeIgniter\Session\Handlers\FileHandler' driver.
INFO - 2024-09-26 02:45:19 --> Session: Class initialized using 'CodeIgniter\Session\Handlers\FileHandler' driver.
INFO - 2024-09-26 02:45:20 --> Session: Class initialized using 'CodeIgniter\Session\Handlers\FileHandler' driver.
INFO - 2024-09-26 02:45:33 --> Session: Class initialized using 'CodeIgniter\Session\Handlers\FileHandler' driver.
INFO - 2024-09-26 02:45:33 --> Session: Class initialized using 'CodeIgniter\Session\Handlers\FileHandler' driver.
INFO - 2024-09-26 02:45:33 --> Session: Class initialized using 'CodeIgniter\Session\Handlers\FileHandler' driver.
INFO - 2024-09-26 02:45:36 --> Session: Class initialized using 'CodeIgniter\Session\Handlers\FileHandler' driver.
CRITICAL - 2024-09-26 02:45:36 --> Undefined variable $userItems
in APPPATH/Views/item/listItems.php on line 56.
 1 APPPATH/Views/item/listItems.php(56): CodeIgniter\Debug\Exceptions->errorHandler(2, 'Undefined variable $userItems', 'APPPATH/Views/item/listItems.php', 56)
 2 SYSTEMPATH/View/View.php(213): include('APPPATH/Views/item/listItems.php')
 3 SYSTEMPATH/View/View.php(216): CodeIgniter\View\View->CodeIgniter\View\{closure}()
 4 SYSTEMPATH/Common.php(1177): CodeIgniter\View\View->render('item/listItems', [], true)
 5 APPPATH/Controllers/Item.php(165): view('item/listItems', [...])
 6 SYSTEMPATH/CodeIgniter.php(934): App\Controllers\Item->getListItems()
 7 SYSTEMPATH/CodeIgniter.php(499): CodeIgniter\CodeIgniter->runController(Object(App\Controllers\Item))
 8 SYSTEMPATH/CodeIgniter.php(368): CodeIgniter\CodeIgniter->handleRequest(null, Object(Config\Cache), false)
 9 FCPATH/index.php(67): CodeIgniter\CodeIgniter->run()
10 SYSTEMPATH/Commands/Server/rewrite.php(47): require_once('FCPATH/index.php')
INFO - 2024-09-26 02:46:11 --> Session: Class initialized using 'CodeIgniter\Session\Handlers\FileHandler' driver.
INFO - 2024-09-26 02:46:11 --> Session: Class initialized using 'CodeIgniter\Session\Handlers\FileHandler' driver.
INFO - 2024-09-26 02:55:29 --> Session: Class initialized using 'CodeIgniter\Session\Handlers\FileHandler' driver.
CRITICAL - 2024-09-26 02:55:29 --> Undefined array key "user_id"
in APPPATH/Controllers/Item.php on line 194.
 1 APPPATH/Controllers/Item.php(194): CodeIgniter\Debug\Exceptions->errorHandler(2, 'Undefined array key "user_id"', 'APPPATH/Controllers/Item.php', 194)
 2 SYSTEMPATH/CodeIgniter.php(934): App\Controllers\Item->exchange()
 3 SYSTEMPATH/CodeIgniter.php(499): CodeIgniter\CodeIgniter->runController(Object(App\Controllers\Item))
 4 SYSTEMPATH/CodeIgniter.php(368): CodeIgniter\CodeIgniter->handleRequest(null, Object(Config\Cache), false)
 5 FCPATH/index.php(67): CodeIgniter\CodeIgniter->run()
 6 SYSTEMPATH/Commands/Server/rewrite.php(47): require_once('FCPATH/index.php')
INFO - 2024-09-26 02:56:50 --> Session: Class initialized using 'CodeIgniter\Session\Handlers\FileHandler' driver.
INFO - 2024-09-26 02:57:00 --> Session: Class initialized using 'CodeIgniter\Session\Handlers\FileHandler' driver.
INFO - 2024-09-26 02:57:01 --> Session: Class initialized using 'CodeIgniter\Session\Handlers\FileHandler' driver.
INFO - 2024-09-26 02:57:06 --> Session: Class initialized using 'CodeIgniter\Session\Handlers\FileHandler' driver.
INFO - 2024-09-26 02:57:56 --> Session: Class initialized using 'CodeIgniter\Session\Handlers\FileHandler' driver.
INFO - 2024-09-26 02:57:57 --> Session: Class initialized using 'CodeIgniter\Session\Handlers\FileHandler' driver.
INFO - 2024-09-26 02:58:02 --> Session: Class initialized using 'CodeIgniter\Session\Handlers\FileHandler' driver.
INFO - 2024-09-26 03:40:59 --> Session: Class initialized using 'CodeIgniter\Session\Handlers\FileHandler' driver.
INFO - 2024-09-26 03:48:47 --> Session: Class initialized using 'CodeIgniter\Session\Handlers\FileHandler' driver.
INFO - 2024-09-26 03:48:47 --> Session: Class initialized using 'CodeIgniter\Session\Handlers\FileHandler' driver.
INFO - 2024-09-26 03:48:48 --> Session: Class initialized using 'CodeIgniter\Session\Handlers\FileHandler' driver.
INFO - 2024-09-26 03:48:49 --> Session: Class initialized using 'CodeIgniter\Session\Handlers\FileHandler' driver.
INFO - 2024-09-26 03:48:49 --> Session: Class initialized using 'CodeIgniter\Session\Handlers\FileHandler' driver.
INFO - 2024-09-26 03:49:25 --> Session: Class initialized using 'CodeIgniter\Session\Handlers\FileHandler' driver.
INFO - 2024-09-26 03:49:25 --> Session: Class initialized using 'CodeIgniter\Session\Handlers\FileHandler' driver.
INFO - 2024-09-26 04:02:05 --> Session: Class initialized using 'CodeIgniter\Session\Handlers\FileHandler' driver.
ERROR - 2024-09-26 04:02:05 --> mysqli_sql_exception: Unknown column 'exchanges.item_giver_id' in 'on clause' in /opt/lampp/htdocs/me/tak_tak/system/Database/MySQLi/Connection.php:295
Stack trace:
#0 /opt/lampp/htdocs/me/tak_tak/system/Database/MySQLi/Connection.php(295): mysqli->query('SELECT exchange...', 0)
#1 /opt/lampp/htdocs/me/tak_tak/system/Database/BaseConnection.php(691): CodeIgniter\Database\MySQLi\Connection->execute('SELECT exchange...')
#2 /opt/lampp/htdocs/me/tak_tak/system/Database/BaseConnection.php(605): CodeIgniter\Database\BaseConnection->simpleQuery('SELECT exchange...')
#3 /opt/lampp/htdocs/me/tak_tak/app/Controllers/User.php(47): CodeIgniter\Database\BaseConnection->query('SELECT exchange...', Array)
#4 /opt/lampp/htdocs/me/tak_tak/system/CodeIgniter.php(934): App\Controllers\User->dash('')
#5 /opt/lampp/htdocs/me/tak_tak/system/CodeIgniter.php(499): CodeIgniter\CodeIgniter->runController(Object(App\Controllers\User))
#6 /opt/lampp/htdocs/me/tak_tak/system/CodeIgniter.php(368): CodeIgniter\CodeIgniter->handleRequest(NULL, Object(Config\Cache), false)
#7 /opt/lampp/htdocs/me/tak_tak/public/index.php(67): CodeIgniter\CodeIgniter->run()
#8 /opt/lampp/htdocs/me/tak_tak/system/Commands/Server/rewrite.php(47): require_once('/opt/lampp/htdo...')
#9 {main}
CRITICAL - 2024-09-26 04:02:05 --> Unknown column 'exchanges.item_giver_id' in 'on clause'
in SYSTEMPATH/Database/BaseConnection.php on line 645.
 1 APPPATH/Controllers/User.php(47): CodeIgniter\Database\BaseConnection->query('SELECT exchanges.*, item_giver.title AS giver_item_title, item_receiver.title AS receiver_item_title, users.username AS requester 
        FROM exchanges 
        LEFT JOIN items AS item_giver ON exchanges.item_giver_id = item_giver.id 
        LEFT JOIN items AS item_receiver ON exchanges.item_receiver_id = item_receiver.id 
        LEFT JOIN users ON exchanges.requester_id = users.id 
        WHERE item_giver.user_id = :user_id:', [...])
 2 SYSTEMPATH/CodeIgniter.php(934): App\Controllers\User->dash('ROOTPATH/public')
 3 SYSTEMPATH/CodeIgniter.php(499): CodeIgniter\CodeIgniter->runController(Object(App\Controllers\User))
 4 SYSTEMPATH/CodeIgniter.php(368): CodeIgniter\CodeIgniter->handleRequest(null, Object(Config\Cache), false)
 5 FCPATH/index.php(67): CodeIgniter\CodeIgniter->run()
 6 SYSTEMPATH/Commands/Server/rewrite.php(47): require_once('FCPATH/index.php')
INFO - 2024-09-26 04:02:09 --> Session: Class initialized using 'CodeIgniter\Session\Handlers\FileHandler' driver.
ERROR - 2024-09-26 04:02:09 --> mysqli_sql_exception: Unknown column 'exchanges.item_giver_id' in 'on clause' in /opt/lampp/htdocs/me/tak_tak/system/Database/MySQLi/Connection.php:295
Stack trace:
#0 /opt/lampp/htdocs/me/tak_tak/system/Database/MySQLi/Connection.php(295): mysqli->query('SELECT exchange...', 0)
#1 /opt/lampp/htdocs/me/tak_tak/system/Database/BaseConnection.php(691): CodeIgniter\Database\MySQLi\Connection->execute('SELECT exchange...')
#2 /opt/lampp/htdocs/me/tak_tak/system/Database/BaseConnection.php(605): CodeIgniter\Database\BaseConnection->simpleQuery('SELECT exchange...')
#3 /opt/lampp/htdocs/me/tak_tak/app/Controllers/User.php(47): CodeIgniter\Database\BaseConnection->query('SELECT exchange...', Array)
#4 /opt/lampp/htdocs/me/tak_tak/system/CodeIgniter.php(934): App\Controllers\User->dash('')
#5 /opt/lampp/htdocs/me/tak_tak/system/CodeIgniter.php(499): CodeIgniter\CodeIgniter->runController(Object(App\Controllers\User))
#6 /opt/lampp/htdocs/me/tak_tak/system/CodeIgniter.php(368): CodeIgniter\CodeIgniter->handleRequest(NULL, Object(Config\Cache), false)
#7 /opt/lampp/htdocs/me/tak_tak/public/index.php(67): CodeIgniter\CodeIgniter->run()
#8 /opt/lampp/htdocs/me/tak_tak/system/Commands/Server/rewrite.php(47): require_once('/opt/lampp/htdo...')
#9 {main}
CRITICAL - 2024-09-26 04:02:09 --> Unknown column 'exchanges.item_giver_id' in 'on clause'
in SYSTEMPATH/Database/BaseConnection.php on line 645.
 1 APPPATH/Controllers/User.php(47): CodeIgniter\Database\BaseConnection->query('SELECT exchanges.*, item_giver.title AS giver_item_title, item_receiver.title AS receiver_item_title, users.username AS requester 
        FROM exchanges 
        LEFT JOIN items AS item_giver ON exchanges.item_giver_id = item_giver.id 
        LEFT JOIN items AS item_receiver ON exchanges.item_receiver_id = item_receiver.id 
        LEFT JOIN users ON exchanges.requester_id = users.id 
        WHERE item_giver.user_id = :user_id:', [...])
 2 SYSTEMPATH/CodeIgniter.php(934): App\Controllers\User->dash('ROOTPATH/public')
 3 SYSTEMPATH/CodeIgniter.php(499): CodeIgniter\CodeIgniter->runController(Object(App\Controllers\User))
 4 SYSTEMPATH/CodeIgniter.php(368): CodeIgniter\CodeIgniter->handleRequest(null, Object(Config\Cache), false)
 5 FCPATH/index.php(67): CodeIgniter\CodeIgniter->run()
 6 SYSTEMPATH/Commands/Server/rewrite.php(47): require_once('FCPATH/index.php')
INFO - 2024-09-26 04:02:25 --> Session: Class initialized using 'CodeIgniter\Session\Handlers\FileHandler' driver.
ERROR - 2024-09-26 04:02:25 --> mysqli_sql_exception: Unknown column 'exchanges.item_giver_id' in 'on clause' in /opt/lampp/htdocs/me/tak_tak/system/Database/MySQLi/Connection.php:295
Stack trace:
#0 /opt/lampp/htdocs/me/tak_tak/system/Database/MySQLi/Connection.php(295): mysqli->query('SELECT exchange...', 0)
#1 /opt/lampp/htdocs/me/tak_tak/system/Database/BaseConnection.php(691): CodeIgniter\Database\MySQLi\Connection->execute('SELECT exchange...')
#2 /opt/lampp/htdocs/me/tak_tak/system/Database/BaseConnection.php(605): CodeIgniter\Database\BaseConnection->simpleQuery('SELECT exchange...')
#3 /opt/lampp/htdocs/me/tak_tak/app/Controllers/User.php(47): CodeIgniter\Database\BaseConnection->query('SELECT exchange...', Array)
#4 /opt/lampp/htdocs/me/tak_tak/system/CodeIgniter.php(934): App\Controllers\User->dash('')
#5 /opt/lampp/htdocs/me/tak_tak/system/CodeIgniter.php(499): CodeIgniter\CodeIgniter->runController(Object(App\Controllers\User))
#6 /opt/lampp/htdocs/me/tak_tak/system/CodeIgniter.php(368): CodeIgniter\CodeIgniter->handleRequest(NULL, Object(Config\Cache), false)
#7 /opt/lampp/htdocs/me/tak_tak/public/index.php(67): CodeIgniter\CodeIgniter->run()
#8 /opt/lampp/htdocs/me/tak_tak/system/Commands/Server/rewrite.php(47): require_once('/opt/lampp/htdo...')
#9 {main}
CRITICAL - 2024-09-26 04:02:25 --> Unknown column 'exchanges.item_giver_id' in 'on clause'
in SYSTEMPATH/Database/BaseConnection.php on line 645.
 1 APPPATH/Controllers/User.php(47): CodeIgniter\Database\BaseConnection->query('SELECT exchanges.*, item_giver.title AS giver_item_title, item_receiver.title AS receiver_item_title, users.username AS requester 
        FROM exchanges 
        LEFT JOIN items AS item_giver ON exchanges.item_giver_id = item_giver.id 
        LEFT JOIN items AS item_receiver ON exchanges.item_receiver_id = item_receiver.id 
        LEFT JOIN users ON exchanges.requester_id = users.id 
        WHERE item_giver.user_id = :user_id:', [...])
 2 SYSTEMPATH/CodeIgniter.php(934): App\Controllers\User->dash('ROOTPATH/public')
 3 SYSTEMPATH/CodeIgniter.php(499): CodeIgniter\CodeIgniter->runController(Object(App\Controllers\User))
 4 SYSTEMPATH/CodeIgniter.php(368): CodeIgniter\CodeIgniter->handleRequest(null, Object(Config\Cache), false)
 5 FCPATH/index.php(67): CodeIgniter\CodeIgniter->run()
 6 SYSTEMPATH/Commands/Server/rewrite.php(47): require_once('FCPATH/index.php')
INFO - 2024-09-26 04:02:31 --> Session: Class initialized using 'CodeIgniter\Session\Handlers\FileHandler' driver.
ERROR - 2024-09-26 04:02:31 --> mysqli_sql_exception: Unknown column 'exchanges.item_giver_id' in 'on clause' in /opt/lampp/htdocs/me/tak_tak/system/Database/MySQLi/Connection.php:295
Stack trace:
#0 /opt/lampp/htdocs/me/tak_tak/system/Database/MySQLi/Connection.php(295): mysqli->query('SELECT exchange...', 0)
#1 /opt/lampp/htdocs/me/tak_tak/system/Database/BaseConnection.php(691): CodeIgniter\Database\MySQLi\Connection->execute('SELECT exchange...')
#2 /opt/lampp/htdocs/me/tak_tak/system/Database/BaseConnection.php(605): CodeIgniter\Database\BaseConnection->simpleQuery('SELECT exchange...')
#3 /opt/lampp/htdocs/me/tak_tak/app/Controllers/User.php(47): CodeIgniter\Database\BaseConnection->query('SELECT exchange...', Array)
#4 /opt/lampp/htdocs/me/tak_tak/system/CodeIgniter.php(934): App\Controllers\User->dash('')
#5 /opt/lampp/htdocs/me/tak_tak/system/CodeIgniter.php(499): CodeIgniter\CodeIgniter->runController(Object(App\Controllers\User))
#6 /opt/lampp/htdocs/me/tak_tak/system/CodeIgniter.php(368): CodeIgniter\CodeIgniter->handleRequest(NULL, Object(Config\Cache), false)
#7 /opt/lampp/htdocs/me/tak_tak/public/index.php(67): CodeIgniter\CodeIgniter->run()
#8 /opt/lampp/htdocs/me/tak_tak/system/Commands/Server/rewrite.php(47): require_once('/opt/lampp/htdo...')
#9 {main}
CRITICAL - 2024-09-26 04:02:31 --> Unknown column 'exchanges.item_giver_id' in 'on clause'
in SYSTEMPATH/Database/BaseConnection.php on line 645.
 1 APPPATH/Controllers/User.php(47): CodeIgniter\Database\BaseConnection->query('SELECT exchanges.*, item_giver.title AS giver_item_title, item_receiver.title AS receiver_item_title, users.username AS requester 
        FROM exchanges 
        LEFT JOIN items AS item_giver ON exchanges.item_giver_id = item_giver.id 
        LEFT JOIN items AS item_receiver ON exchanges.item_receiver_id = item_receiver.id 
        LEFT JOIN users ON exchanges.requester_id = users.id 
        WHERE item_giver.user_id = :user_id:', [...])
 2 SYSTEMPATH/CodeIgniter.php(934): App\Controllers\User->dash('ROOTPATH/public')
 3 SYSTEMPATH/CodeIgniter.php(499): CodeIgniter\CodeIgniter->runController(Object(App\Controllers\User))
 4 SYSTEMPATH/CodeIgniter.php(368): CodeIgniter\CodeIgniter->handleRequest(null, Object(Config\Cache), false)
 5 FCPATH/index.php(67): CodeIgniter\CodeIgniter->run()
 6 SYSTEMPATH/Commands/Server/rewrite.php(47): require_once('FCPATH/index.php')
INFO - 2024-09-26 04:05:25 --> Session: Class initialized using 'CodeIgniter\Session\Handlers\FileHandler' driver.
INFO - 2024-09-26 04:10:59 --> Session: Class initialized using 'CodeIgniter\Session\Handlers\FileHandler' driver.
INFO - 2024-09-26 04:31:54 --> Session: Class initialized using 'CodeIgniter\Session\Handlers\FileHandler' driver.
INFO - 2024-09-26 04:31:54 --> Session: Class initialized using 'CodeIgniter\Session\Handlers\FileHandler' driver.
INFO - 2024-09-26 04:31:56 --> Session: Class initialized using 'CodeIgniter\Session\Handlers\FileHandler' driver.
INFO - 2024-09-26 04:31:56 --> Session: Class initialized using 'CodeIgniter\Session\Handlers\FileHandler' driver.
INFO - 2024-09-26 04:33:12 --> Session: Class initialized using 'CodeIgniter\Session\Handlers\FileHandler' driver.
INFO - 2024-09-26 04:33:16 --> Session: Class initialized using 'CodeIgniter\Session\Handlers\FileHandler' driver.
INFO - 2024-09-26 04:33:16 --> Session: Class initialized using 'CodeIgniter\Session\Handlers\FileHandler' driver.
INFO - 2024-09-26 04:33:30 --> Session: Class initialized using 'CodeIgniter\Session\Handlers\FileHandler' driver.
INFO - 2024-09-26 04:33:30 --> Session: Class initialized using 'CodeIgniter\Session\Handlers\FileHandler' driver.
INFO - 2024-09-26 04:33:45 --> Session: Class initialized using 'CodeIgniter\Session\Handlers\FileHandler' driver.
INFO - 2024-09-26 04:33:45 --> Session: Class initialized using 'CodeIgniter\Session\Handlers\FileHandler' driver.
