INFO - 2024-09-23 19:06:41 --> Session: Class initialized using 'CodeIgniter\Session\Handlers\FileHandler' driver.
INFO - 2024-09-23 19:06:41 --> Session: Class initialized using 'CodeIgniter\Session\Handlers\FileHandler' driver.
INFO - 2024-09-23 19:06:52 --> Session: Class initialized using 'CodeIgniter\Session\Handlers\FileHandler' driver.
INFO - 2024-09-23 19:07:03 --> Session: Class initialized using 'CodeIgniter\Session\Handlers\FileHandler' driver.
INFO - 2024-09-23 19:07:09 --> Session: Class initialized using 'CodeIgniter\Session\Handlers\FileHandler' driver.
ERROR - 2024-09-23 19:07:48 --> mysqli_sql_exception: Table 'takalo_takalo.users' doesn't exist in /opt/lampp/htdocs/CI_taktak/system/Database/MySQLi/Connection.php:295
Stack trace:
#0 /opt/lampp/htdocs/CI_taktak/system/Database/MySQLi/Connection.php(295): mysqli->query('SELECT *\nFROM `...', 0)
#1 /opt/lampp/htdocs/CI_taktak/system/Database/BaseConnection.php(691): CodeIgniter\Database\MySQLi\Connection->execute('SELECT *\nFROM `...')
#2 /opt/lampp/htdocs/CI_taktak/system/Database/BaseConnection.php(605): CodeIgniter\Database\BaseConnection->simpleQuery('SELECT *\nFROM `...')
#3 /opt/lampp/htdocs/CI_taktak/system/Database/BaseBuilder.php(1602): CodeIgniter\Database\BaseConnection->query('SELECT *\nFROM `...', Array, false)
#4 /opt/lampp/htdocs/CI_taktak/system/Model.php(267): CodeIgniter\Database\BaseBuilder->get()
#5 /opt/lampp/htdocs/CI_taktak/system/BaseModel.php(656): CodeIgniter\Model->doFirst()
#6 /opt/lampp/htdocs/CI_taktak/app/Controllers/Auth.php(49): CodeIgniter\BaseModel->first()
#7 /opt/lampp/htdocs/CI_taktak/system/CodeIgniter.php(934): App\Controllers\Auth->login()
#8 /opt/lampp/htdocs/CI_taktak/system/CodeIgniter.php(499): CodeIgniter\CodeIgniter->runController(Object(App\Controllers\Auth))
#9 /opt/lampp/htdocs/CI_taktak/system/CodeIgniter.php(368): CodeIgniter\CodeIgniter->handleRequest(NULL, Object(Config\Cache), false)
#10 /opt/lampp/htdocs/CI_taktak/public/index.php(67): CodeIgniter\CodeIgniter->run()
#11 /opt/lampp/htdocs/CI_taktak/system/Commands/Server/rewrite.php(47): require_once('/opt/lampp/htdo...')
#12 {main}
CRITICAL - 2024-09-23 19:07:48 --> Table 'takalo_takalo.users' doesn't exist
in SYSTEMPATH/Database/BaseConnection.php on line 645.
 1 SYSTEMPATH/Database/BaseBuilder.php(1602): CodeIgniter\Database\BaseConnection->query('SELECT *
FROM `users`
WHERE `email` = :email:
 LIMIT 1', [...], false)
 2 SYSTEMPATH/Model.php(267): CodeIgniter\Database\BaseBuilder->get()
 3 SYSTEMPATH/BaseModel.php(656): CodeIgniter\Model->doFirst()
 4 APPPATH/Controllers/Auth.php(49): CodeIgniter\BaseModel->first()
 5 SYSTEMPATH/CodeIgniter.php(934): App\Controllers\Auth->login()
 6 SYSTEMPATH/CodeIgniter.php(499): CodeIgniter\CodeIgniter->runController(Object(App\Controllers\Auth))
 7 SYSTEMPATH/CodeIgniter.php(368): CodeIgniter\CodeIgniter->handleRequest(null, Object(Config\Cache), false)
 8 FCPATH/index.php(67): CodeIgniter\CodeIgniter->run()
 9 SYSTEMPATH/Commands/Server/rewrite.php(47): require_once('FCPATH/index.php')
INFO - 2024-09-23 19:07:56 --> Session: Class initialized using 'CodeIgniter\Session\Handlers\FileHandler' driver.
INFO - 2024-09-23 19:08:45 --> Session: Class initialized using 'CodeIgniter\Session\Handlers\FileHandler' driver.
INFO - 2024-09-23 19:08:45 --> Session: Class initialized using 'CodeIgniter\Session\Handlers\FileHandler' driver.
INFO - 2024-09-23 19:11:25 --> Session: Class initialized using 'CodeIgniter\Session\Handlers\FileHandler' driver.
INFO - 2024-09-23 19:11:25 --> Session: Class initialized using 'CodeIgniter\Session\Handlers\FileHandler' driver.
INFO - 2024-09-23 19:11:38 --> Session: Class initialized using 'CodeIgniter\Session\Handlers\FileHandler' driver.
INFO - 2024-09-23 19:11:38 --> Session: Class initialized using 'CodeIgniter\Session\Handlers\FileHandler' driver.
INFO - 2024-09-23 19:17:32 --> Session: Class initialized using 'CodeIgniter\Session\Handlers\FileHandler' driver.
INFO - 2024-09-23 19:21:08 --> Session: Class initialized using 'CodeIgniter\Session\Handlers\FileHandler' driver.
CRITICAL - 2024-09-23 19:21:18 --> Undefined array key "password"
in APPPATH/Controllers/Auth.php on line 28.
 1 APPPATH/Controllers/Auth.php(28): CodeIgniter\Debug\Exceptions->errorHandler(2, 'Undefined array key "password"', 'APPPATH/Controllers/Auth.php', 28)
 2 SYSTEMPATH/CodeIgniter.php(934): App\Controllers\Auth->register()
 3 SYSTEMPATH/CodeIgniter.php(499): CodeIgniter\CodeIgniter->runController(Object(App\Controllers\Auth))
 4 SYSTEMPATH/CodeIgniter.php(368): CodeIgniter\CodeIgniter->handleRequest(null, Object(Config\Cache), false)
 5 FCPATH/index.php(67): CodeIgniter\CodeIgniter->run()
 6 SYSTEMPATH/Commands/Server/rewrite.php(47): require_once('FCPATH/index.php')
WARNING - 2024-09-23 19:21:53 --> [DEPRECATED] password_hash(): Passing null to parameter #1 ($password) of type string is deprecated in APPPATH/Controllers/Auth.php on line 28.
 1 APPPATH/Controllers/Auth.php(28): password_hash(Object(SensitiveParameterValue), '2y')
 2 SYSTEMPATH/CodeIgniter.php(934): App\Controllers\Auth->register()
 3 SYSTEMPATH/CodeIgniter.php(499): CodeIgniter\CodeIgniter->runController(Object(App\Controllers\Auth))
 4 SYSTEMPATH/CodeIgniter.php(368): CodeIgniter\CodeIgniter->handleRequest(null, Object(Config\Cache), false)
 5 FCPATH/index.php(67): CodeIgniter\CodeIgniter->run()
 6 SYSTEMPATH/Commands/Server/rewrite.php(47): require_once('FCPATH/index.php')
ERROR - 2024-09-23 19:21:53 --> mysqli_sql_exception: Table 'takalo_takalo.users' doesn't exist in /opt/lampp/htdocs/CI_taktak/system/Database/MySQLi/Connection.php:295
Stack trace:
#0 /opt/lampp/htdocs/CI_taktak/system/Database/MySQLi/Connection.php(295): mysqli->query('SELECT 1\nFROM `...', 0)
#1 /opt/lampp/htdocs/CI_taktak/system/Database/BaseConnection.php(691): CodeIgniter\Database\MySQLi\Connection->execute('SELECT 1\nFROM `...')
#2 /opt/lampp/htdocs/CI_taktak/system/Database/BaseConnection.php(605): CodeIgniter\Database\BaseConnection->simpleQuery('SELECT 1\nFROM `...')
#3 /opt/lampp/htdocs/CI_taktak/system/Database/BaseBuilder.php(1602): CodeIgniter\Database\BaseConnection->query('SELECT 1\nFROM `...', Array, false)
#4 /opt/lampp/htdocs/CI_taktak/system/Validation/StrictRules/Rules.php(206): CodeIgniter\Database\BaseBuilder->get()
#5 /opt/lampp/htdocs/CI_taktak/system/Validation/Validation.php(312): CodeIgniter\Validation\StrictRules\Rules->is_unique('Rabe@test.com', 'email', Array, NULL, 'email')
#6 /opt/lampp/htdocs/CI_taktak/system/Validation/Validation.php(170): CodeIgniter\Validation\Validation->processRules('email', 'email', 'Rabe@test.com', Array, Array)
#7 /opt/lampp/htdocs/CI_taktak/system/Controller.php(155): CodeIgniter\Validation\Validation->run(Array, NULL, NULL)
#8 /opt/lampp/htdocs/CI_taktak/app/Controllers/Auth.php(29): CodeIgniter\Controller->validateData(Array, Array)
#9 /opt/lampp/htdocs/CI_taktak/system/CodeIgniter.php(934): App\Controllers\Auth->register()
#10 /opt/lampp/htdocs/CI_taktak/system/CodeIgniter.php(499): CodeIgniter\CodeIgniter->runController(Object(App\Controllers\Auth))
#11 /opt/lampp/htdocs/CI_taktak/system/CodeIgniter.php(368): CodeIgniter\CodeIgniter->handleRequest(NULL, Object(Config\Cache), false)
#12 /opt/lampp/htdocs/CI_taktak/public/index.php(67): CodeIgniter\CodeIgniter->run()
#13 /opt/lampp/htdocs/CI_taktak/system/Commands/Server/rewrite.php(47): require_once('/opt/lampp/htdo...')
#14 {main}
CRITICAL - 2024-09-23 19:21:53 --> Table 'takalo_takalo.users' doesn't exist
in SYSTEMPATH/Database/BaseConnection.php on line 645.
 1 SYSTEMPATH/Database/BaseBuilder.php(1602): CodeIgniter\Database\BaseConnection->query('SELECT 1
FROM `users`
WHERE `email` = :email:
 LIMIT 1', [...], false)
 2 SYSTEMPATH/Validation/StrictRules/Rules.php(206): CodeIgniter\Database\BaseBuilder->get()
 3 SYSTEMPATH/Validation/Validation.php(312): CodeIgniter\Validation\StrictRules\Rules->is_unique('Rabe@test.com', 'email', [...], null, 'email')
 4 SYSTEMPATH/Validation/Validation.php(170): CodeIgniter\Validation\Validation->processRules('email', 'email', 'Rabe@test.com', [...], [...])
 5 SYSTEMPATH/Controller.php(155): CodeIgniter\Validation\Validation->run([...], null, null)
 6 APPPATH/Controllers/Auth.php(29): CodeIgniter\Controller->validateData([...], [...])
 7 SYSTEMPATH/CodeIgniter.php(934): App\Controllers\Auth->register()
 8 SYSTEMPATH/CodeIgniter.php(499): CodeIgniter\CodeIgniter->runController(Object(App\Controllers\Auth))
 9 SYSTEMPATH/CodeIgniter.php(368): CodeIgniter\CodeIgniter->handleRequest(null, Object(Config\Cache), false)
10 FCPATH/index.php(67): CodeIgniter\CodeIgniter->run()
11 SYSTEMPATH/Commands/Server/rewrite.php(47): require_once('FCPATH/index.php')
WARNING - 2024-09-23 19:22:38 --> [DEPRECATED] password_hash(): Passing null to parameter #1 ($password) of type string is deprecated in APPPATH/Controllers/Auth.php on line 28.
 1 APPPATH/Controllers/Auth.php(28): password_hash(Object(SensitiveParameterValue), '2y')
 2 SYSTEMPATH/CodeIgniter.php(934): App\Controllers\Auth->register()
 3 SYSTEMPATH/CodeIgniter.php(499): CodeIgniter\CodeIgniter->runController(Object(App\Controllers\Auth))
 4 SYSTEMPATH/CodeIgniter.php(368): CodeIgniter\CodeIgniter->handleRequest(null, Object(Config\Cache), false)
 5 FCPATH/index.php(67): CodeIgniter\CodeIgniter->run()
 6 SYSTEMPATH/Commands/Server/rewrite.php(47): require_once('FCPATH/index.php')
INFO - 2024-09-23 19:22:38 --> Session: Class initialized using 'CodeIgniter\Session\Handlers\FileHandler' driver.
INFO - 2024-09-23 19:22:38 --> Session: Class initialized using 'CodeIgniter\Session\Handlers\FileHandler' driver.
WARNING - 2024-09-23 19:22:50 --> [DEPRECATED] password_hash(): Passing null to parameter #1 ($password) of type string is deprecated in APPPATH/Controllers/Auth.php on line 28.
 1 APPPATH/Controllers/Auth.php(28): password_hash(Object(SensitiveParameterValue), '2y')
 2 SYSTEMPATH/CodeIgniter.php(934): App\Controllers\Auth->register()
 3 SYSTEMPATH/CodeIgniter.php(499): CodeIgniter\CodeIgniter->runController(Object(App\Controllers\Auth))
 4 SYSTEMPATH/CodeIgniter.php(368): CodeIgniter\CodeIgniter->handleRequest(null, Object(Config\Cache), false)
 5 FCPATH/index.php(67): CodeIgniter\CodeIgniter->run()
 6 SYSTEMPATH/Commands/Server/rewrite.php(47): require_once('FCPATH/index.php')
INFO - 2024-09-23 19:22:50 --> Session: Class initialized using 'CodeIgniter\Session\Handlers\FileHandler' driver.
INFO - 2024-09-23 19:22:50 --> Session: Class initialized using 'CodeIgniter\Session\Handlers\FileHandler' driver.
INFO - 2024-09-23 19:23:03 --> Session: Class initialized using 'CodeIgniter\Session\Handlers\FileHandler' driver.
INFO - 2024-09-23 19:23:07 --> Session: Class initialized using 'CodeIgniter\Session\Handlers\FileHandler' driver.
WARNING - 2024-09-23 19:23:41 --> [DEPRECATED] password_hash(): Passing null to parameter #1 ($password) of type string is deprecated in APPPATH/Controllers/Auth.php on line 28.
 1 APPPATH/Controllers/Auth.php(28): password_hash(Object(SensitiveParameterValue), '2y')
 2 SYSTEMPATH/CodeIgniter.php(934): App\Controllers\Auth->register()
 3 SYSTEMPATH/CodeIgniter.php(499): CodeIgniter\CodeIgniter->runController(Object(App\Controllers\Auth))
 4 SYSTEMPATH/CodeIgniter.php(368): CodeIgniter\CodeIgniter->handleRequest(null, Object(Config\Cache), false)
 5 FCPATH/index.php(67): CodeIgniter\CodeIgniter->run()
 6 SYSTEMPATH/Commands/Server/rewrite.php(47): require_once('FCPATH/index.php')
INFO - 2024-09-23 19:23:42 --> Session: Class initialized using 'CodeIgniter\Session\Handlers\FileHandler' driver.
INFO - 2024-09-23 19:23:42 --> Session: Class initialized using 'CodeIgniter\Session\Handlers\FileHandler' driver.
WARNING - 2024-09-23 19:24:23 --> [DEPRECATED] password_hash(): Passing null to parameter #1 ($password) of type string is deprecated in APPPATH/Controllers/Auth.php on line 28.
 1 APPPATH/Controllers/Auth.php(28): password_hash(Object(SensitiveParameterValue), '2y')
 2 SYSTEMPATH/CodeIgniter.php(934): App\Controllers\Auth->register()
 3 SYSTEMPATH/CodeIgniter.php(499): CodeIgniter\CodeIgniter->runController(Object(App\Controllers\Auth))
 4 SYSTEMPATH/CodeIgniter.php(368): CodeIgniter\CodeIgniter->handleRequest(null, Object(Config\Cache), false)
 5 FCPATH/index.php(67): CodeIgniter\CodeIgniter->run()
 6 SYSTEMPATH/Commands/Server/rewrite.php(47): require_once('FCPATH/index.php')
INFO - 2024-09-23 19:24:23 --> Session: Class initialized using 'CodeIgniter\Session\Handlers\FileHandler' driver.
INFO - 2024-09-23 19:24:23 --> Session: Class initialized using 'CodeIgniter\Session\Handlers\FileHandler' driver.
INFO - 2024-09-23 19:25:01 --> Session: Class initialized using 'CodeIgniter\Session\Handlers\FileHandler' driver.
INFO - 2024-09-23 19:25:02 --> Session: Class initialized using 'CodeIgniter\Session\Handlers\FileHandler' driver.
INFO - 2024-09-23 19:25:15 --> Session: Class initialized using 'CodeIgniter\Session\Handlers\FileHandler' driver.
INFO - 2024-09-23 19:25:15 --> Session: Class initialized using 'CodeIgniter\Session\Handlers\FileHandler' driver.
INFO - 2024-09-23 19:25:29 --> Session: Class initialized using 'CodeIgniter\Session\Handlers\FileHandler' driver.
WARNING - 2024-09-23 19:27:43 --> [DEPRECATED] password_hash(): Passing null to parameter #1 ($password) of type string is deprecated in APPPATH/Controllers/Auth.php on line 28.
 1 APPPATH/Controllers/Auth.php(28): password_hash(Object(SensitiveParameterValue), '2y')
 2 SYSTEMPATH/CodeIgniter.php(934): App\Controllers\Auth->register()
 3 SYSTEMPATH/CodeIgniter.php(499): CodeIgniter\CodeIgniter->runController(Object(App\Controllers\Auth))
 4 SYSTEMPATH/CodeIgniter.php(368): CodeIgniter\CodeIgniter->handleRequest(null, Object(Config\Cache), false)
 5 FCPATH/index.php(67): CodeIgniter\CodeIgniter->run()
 6 SYSTEMPATH/Commands/Server/rewrite.php(47): require_once('FCPATH/index.php')
INFO - 2024-09-23 19:27:43 --> Session: Class initialized using 'CodeIgniter\Session\Handlers\FileHandler' driver.
INFO - 2024-09-23 19:27:43 --> Session: Class initialized using 'CodeIgniter\Session\Handlers\FileHandler' driver.
WARNING - 2024-09-23 19:28:28 --> [DEPRECATED] password_hash(): Passing null to parameter #1 ($password) of type string is deprecated in APPPATH/Controllers/Auth.php on line 28.
 1 APPPATH/Controllers/Auth.php(28): password_hash(Object(SensitiveParameterValue), '2y')
 2 SYSTEMPATH/CodeIgniter.php(934): App\Controllers\Auth->register()
 3 SYSTEMPATH/CodeIgniter.php(499): CodeIgniter\CodeIgniter->runController(Object(App\Controllers\Auth))
 4 SYSTEMPATH/CodeIgniter.php(368): CodeIgniter\CodeIgniter->handleRequest(null, Object(Config\Cache), false)
 5 FCPATH/index.php(67): CodeIgniter\CodeIgniter->run()
 6 SYSTEMPATH/Commands/Server/rewrite.php(47): require_once('FCPATH/index.php')
INFO - 2024-09-23 19:28:28 --> Session: Class initialized using 'CodeIgniter\Session\Handlers\FileHandler' driver.
INFO - 2024-09-23 19:28:28 --> Session: Class initialized using 'CodeIgniter\Session\Handlers\FileHandler' driver.
INFO - 2024-09-23 19:28:47 --> Session: Class initialized using 'CodeIgniter\Session\Handlers\FileHandler' driver.
INFO - 2024-09-23 19:28:47 --> Session: Class initialized using 'CodeIgniter\Session\Handlers\FileHandler' driver.
INFO - 2024-09-23 19:29:01 --> Session: Class initialized using 'CodeIgniter\Session\Handlers\FileHandler' driver.
INFO - 2024-09-23 19:29:01 --> Session: Class initialized using 'CodeIgniter\Session\Handlers\FileHandler' driver.
INFO - 2024-09-23 19:31:10 --> Session: Class initialized using 'CodeIgniter\Session\Handlers\FileHandler' driver.
INFO - 2024-09-23 19:31:40 --> Session: Class initialized using 'CodeIgniter\Session\Handlers\FileHandler' driver.
INFO - 2024-09-23 19:31:40 --> Session: Class initialized using 'CodeIgniter\Session\Handlers\FileHandler' driver.
INFO - 2024-09-23 19:31:59 --> Session: Class initialized using 'CodeIgniter\Session\Handlers\FileHandler' driver.
INFO - 2024-09-23 19:32:00 --> Session: Class initialized using 'CodeIgniter\Session\Handlers\FileHandler' driver.
INFO - 2024-09-23 19:32:06 --> Session: Class initialized using 'CodeIgniter\Session\Handlers\FileHandler' driver.
INFO - 2024-09-23 19:33:11 --> Session: Class initialized using 'CodeIgniter\Session\Handlers\FileHandler' driver.
INFO - 2024-09-23 19:33:11 --> Session: Class initialized using 'CodeIgniter\Session\Handlers\FileHandler' driver.
INFO - 2024-09-23 19:33:11 --> Session: Class initialized using 'CodeIgniter\Session\Handlers\FileHandler' driver.
INFO - 2024-09-23 19:33:17 --> Session: Class initialized using 'CodeIgniter\Session\Handlers\FileHandler' driver.
INFO - 2024-09-23 19:33:17 --> Session: Class initialized using 'CodeIgniter\Session\Handlers\FileHandler' driver.
INFO - 2024-09-23 19:33:17 --> Session: Class initialized using 'CodeIgniter\Session\Handlers\FileHandler' driver.
INFO - 2024-09-23 19:33:44 --> Session: Class initialized using 'CodeIgniter\Session\Handlers\FileHandler' driver.
INFO - 2024-09-23 19:34:03 --> Session: Class initialized using 'CodeIgniter\Session\Handlers\FileHandler' driver.
INFO - 2024-09-23 19:34:03 --> Session: Class initialized using 'CodeIgniter\Session\Handlers\FileHandler' driver.
INFO - 2024-09-23 19:34:03 --> Session: Class initialized using 'CodeIgniter\Session\Handlers\FileHandler' driver.
INFO - 2024-09-23 19:35:03 --> Session: Class initialized using 'CodeIgniter\Session\Handlers\FileHandler' driver.
INFO - 2024-09-23 19:35:03 --> Session: Class initialized using 'CodeIgniter\Session\Handlers\FileHandler' driver.
INFO - 2024-09-23 19:35:04 --> Session: Class initialized using 'CodeIgniter\Session\Handlers\FileHandler' driver.
INFO - 2024-09-23 19:35:43 --> Session: Class initialized using 'CodeIgniter\Session\Handlers\FileHandler' driver.
ERROR - 2024-09-23 19:35:43 --> mysqli_sql_exception: Table 'takalo_takalo.accounts' doesn't exist in /opt/lampp/htdocs/CI_taktak/system/Database/MySQLi/Connection.php:295
Stack trace:
#0 /opt/lampp/htdocs/CI_taktak/system/Database/MySQLi/Connection.php(295): mysqli->query('SELECT * FROM a...', 0)
#1 /opt/lampp/htdocs/CI_taktak/system/Database/BaseConnection.php(691): CodeIgniter\Database\MySQLi\Connection->execute('SELECT * FROM a...')
#2 /opt/lampp/htdocs/CI_taktak/system/Database/BaseConnection.php(605): CodeIgniter\Database\BaseConnection->simpleQuery('SELECT * FROM a...')
#3 /opt/lampp/htdocs/CI_taktak/app/Controllers/User.php(29): CodeIgniter\Database\BaseConnection->query('SELECT * FROM a...', Array)
#4 /opt/lampp/htdocs/CI_taktak/system/CodeIgniter.php(934): App\Controllers\User->dash('')
#5 /opt/lampp/htdocs/CI_taktak/system/CodeIgniter.php(499): CodeIgniter\CodeIgniter->runController(Object(App\Controllers\User))
#6 /opt/lampp/htdocs/CI_taktak/system/CodeIgniter.php(368): CodeIgniter\CodeIgniter->handleRequest(NULL, Object(Config\Cache), false)
#7 /opt/lampp/htdocs/CI_taktak/public/index.php(67): CodeIgniter\CodeIgniter->run()
#8 /opt/lampp/htdocs/CI_taktak/system/Commands/Server/rewrite.php(47): require_once('/opt/lampp/htdo...')
#9 {main}
CRITICAL - 2024-09-23 19:35:43 --> Table 'takalo_takalo.accounts' doesn't exist
in SYSTEMPATH/Database/BaseConnection.php on line 645.
 1 APPPATH/Controllers/User.php(29): CodeIgniter\Database\BaseConnection->query('SELECT * FROM accounts WHERE user_id = :user_id:', [...])
 2 SYSTEMPATH/CodeIgniter.php(934): App\Controllers\User->dash('ROOTPATH/public')
 3 SYSTEMPATH/CodeIgniter.php(499): CodeIgniter\CodeIgniter->runController(Object(App\Controllers\User))
 4 SYSTEMPATH/CodeIgniter.php(368): CodeIgniter\CodeIgniter->handleRequest(null, Object(Config\Cache), false)
 5 FCPATH/index.php(67): CodeIgniter\CodeIgniter->run()
 6 SYSTEMPATH/Commands/Server/rewrite.php(47): require_once('FCPATH/index.php')
INFO - 2024-09-23 19:35:47 --> Session: Class initialized using 'CodeIgniter\Session\Handlers\FileHandler' driver.
ERROR - 2024-09-23 19:35:47 --> mysqli_sql_exception: Table 'takalo_takalo.accounts' doesn't exist in /opt/lampp/htdocs/CI_taktak/system/Database/MySQLi/Connection.php:295
Stack trace:
#0 /opt/lampp/htdocs/CI_taktak/system/Database/MySQLi/Connection.php(295): mysqli->query('SELECT * FROM a...', 0)
#1 /opt/lampp/htdocs/CI_taktak/system/Database/BaseConnection.php(691): CodeIgniter\Database\MySQLi\Connection->execute('SELECT * FROM a...')
#2 /opt/lampp/htdocs/CI_taktak/system/Database/BaseConnection.php(605): CodeIgniter\Database\BaseConnection->simpleQuery('SELECT * FROM a...')
#3 /opt/lampp/htdocs/CI_taktak/app/Controllers/User.php(29): CodeIgniter\Database\BaseConnection->query('SELECT * FROM a...', Array)
#4 /opt/lampp/htdocs/CI_taktak/system/CodeIgniter.php(934): App\Controllers\User->dash('')
#5 /opt/lampp/htdocs/CI_taktak/system/CodeIgniter.php(499): CodeIgniter\CodeIgniter->runController(Object(App\Controllers\User))
#6 /opt/lampp/htdocs/CI_taktak/system/CodeIgniter.php(368): CodeIgniter\CodeIgniter->handleRequest(NULL, Object(Config\Cache), false)
#7 /opt/lampp/htdocs/CI_taktak/public/index.php(67): CodeIgniter\CodeIgniter->run()
#8 /opt/lampp/htdocs/CI_taktak/system/Commands/Server/rewrite.php(47): require_once('/opt/lampp/htdo...')
#9 {main}
CRITICAL - 2024-09-23 19:35:47 --> Table 'takalo_takalo.accounts' doesn't exist
in SYSTEMPATH/Database/BaseConnection.php on line 645.
 1 APPPATH/Controllers/User.php(29): CodeIgniter\Database\BaseConnection->query('SELECT * FROM accounts WHERE user_id = :user_id:', [...])
 2 SYSTEMPATH/CodeIgniter.php(934): App\Controllers\User->dash('ROOTPATH/public')
 3 SYSTEMPATH/CodeIgniter.php(499): CodeIgniter\CodeIgniter->runController(Object(App\Controllers\User))
 4 SYSTEMPATH/CodeIgniter.php(368): CodeIgniter\CodeIgniter->handleRequest(null, Object(Config\Cache), false)
 5 FCPATH/index.php(67): CodeIgniter\CodeIgniter->run()
 6 SYSTEMPATH/Commands/Server/rewrite.php(47): require_once('FCPATH/index.php')
INFO - 2024-09-23 19:36:33 --> Session: Class initialized using 'CodeIgniter\Session\Handlers\FileHandler' driver.
ERROR - 2024-09-23 19:36:33 --> mysqli_sql_exception: Table 'takalo_takalo.accounts' doesn't exist in /opt/lampp/htdocs/CI_taktak/system/Database/MySQLi/Connection.php:295
Stack trace:
#0 /opt/lampp/htdocs/CI_taktak/system/Database/MySQLi/Connection.php(295): mysqli->query('SELECT * FROM a...', 0)
#1 /opt/lampp/htdocs/CI_taktak/system/Database/BaseConnection.php(691): CodeIgniter\Database\MySQLi\Connection->execute('SELECT * FROM a...')
#2 /opt/lampp/htdocs/CI_taktak/system/Database/BaseConnection.php(605): CodeIgniter\Database\BaseConnection->simpleQuery('SELECT * FROM a...')
#3 /opt/lampp/htdocs/CI_taktak/app/Controllers/User.php(29): CodeIgniter\Database\BaseConnection->query('SELECT * FROM a...', Array)
#4 /opt/lampp/htdocs/CI_taktak/system/CodeIgniter.php(934): App\Controllers\User->dash('')
#5 /opt/lampp/htdocs/CI_taktak/system/CodeIgniter.php(499): CodeIgniter\CodeIgniter->runController(Object(App\Controllers\User))
#6 /opt/lampp/htdocs/CI_taktak/system/CodeIgniter.php(368): CodeIgniter\CodeIgniter->handleRequest(NULL, Object(Config\Cache), false)
#7 /opt/lampp/htdocs/CI_taktak/public/index.php(67): CodeIgniter\CodeIgniter->run()
#8 /opt/lampp/htdocs/CI_taktak/system/Commands/Server/rewrite.php(47): require_once('/opt/lampp/htdo...')
#9 {main}
CRITICAL - 2024-09-23 19:36:33 --> Table 'takalo_takalo.accounts' doesn't exist
in SYSTEMPATH/Database/BaseConnection.php on line 645.
 1 APPPATH/Controllers/User.php(29): CodeIgniter\Database\BaseConnection->query('SELECT * FROM accounts WHERE user_id = :user_id:', [...])
 2 SYSTEMPATH/CodeIgniter.php(934): App\Controllers\User->dash('ROOTPATH/public')
 3 SYSTEMPATH/CodeIgniter.php(499): CodeIgniter\CodeIgniter->runController(Object(App\Controllers\User))
 4 SYSTEMPATH/CodeIgniter.php(368): CodeIgniter\CodeIgniter->handleRequest(null, Object(Config\Cache), false)
 5 FCPATH/index.php(67): CodeIgniter\CodeIgniter->run()
 6 SYSTEMPATH/Commands/Server/rewrite.php(47): require_once('FCPATH/index.php')
INFO - 2024-09-23 19:36:34 --> Session: Class initialized using 'CodeIgniter\Session\Handlers\FileHandler' driver.
INFO - 2024-09-23 19:36:34 --> Session: Class initialized using 'CodeIgniter\Session\Handlers\FileHandler' driver.
INFO - 2024-09-23 19:36:39 --> Session: Class initialized using 'CodeIgniter\Session\Handlers\FileHandler' driver.
INFO - 2024-09-23 19:36:40 --> Session: Class initialized using 'CodeIgniter\Session\Handlers\FileHandler' driver.
INFO - 2024-09-23 19:36:40 --> Session: Class initialized using 'CodeIgniter\Session\Handlers\FileHandler' driver.
INFO - 2024-09-23 19:37:43 --> Session: Class initialized using 'CodeIgniter\Session\Handlers\FileHandler' driver.
INFO - 2024-09-23 19:37:43 --> Session: Class initialized using 'CodeIgniter\Session\Handlers\FileHandler' driver.
INFO - 2024-09-23 19:46:22 --> Session: Class initialized using 'CodeIgniter\Session\Handlers\FileHandler' driver.
INFO - 2024-09-23 19:46:22 --> Session: Class initialized using 'CodeIgniter\Session\Handlers\FileHandler' driver.
INFO - 2024-09-23 19:48:53 --> Session: Class initialized using 'CodeIgniter\Session\Handlers\FileHandler' driver.
INFO - 2024-09-23 19:49:02 --> Session: Class initialized using 'CodeIgniter\Session\Handlers\FileHandler' driver.
INFO - 2024-09-23 19:49:02 --> Session: Class initialized using 'CodeIgniter\Session\Handlers\FileHandler' driver.
INFO - 2024-09-23 19:49:06 --> Session: Class initialized using 'CodeIgniter\Session\Handlers\FileHandler' driver.
INFO - 2024-09-23 19:49:06 --> Session: Class initialized using 'CodeIgniter\Session\Handlers\FileHandler' driver.
INFO - 2024-09-23 19:49:07 --> Session: Class initialized using 'CodeIgniter\Session\Handlers\FileHandler' driver.
INFO - 2024-09-23 19:50:03 --> Session: Class initialized using 'CodeIgniter\Session\Handlers\FileHandler' driver.
INFO - 2024-09-23 19:50:17 --> Session: Class initialized using 'CodeIgniter\Session\Handlers\FileHandler' driver.
INFO - 2024-09-23 19:51:40 --> Session: Class initialized using 'CodeIgniter\Session\Handlers\FileHandler' driver.
CRITICAL - 2024-09-23 19:51:40 --> Invalid file: "User/edit.php"
in SYSTEMPATH/Exceptions/FrameworkException.php on line 33.
 1 SYSTEMPATH/View/View.php(201): CodeIgniter\Exceptions\FrameworkException::forInvalidFile('User/edit.php')
 2 SYSTEMPATH/Common.php(1177): CodeIgniter\View\View->render('User/edit', [], true)
 3 APPPATH/Controllers/User.php(75): view('User/edit', [...])
 4 SYSTEMPATH/CodeIgniter.php(934): App\Controllers\User->getUpdate('ROOTPATH/public')
 5 SYSTEMPATH/CodeIgniter.php(499): CodeIgniter\CodeIgniter->runController(Object(App\Controllers\User))
 6 SYSTEMPATH/CodeIgniter.php(368): CodeIgniter\CodeIgniter->handleRequest(null, Object(Config\Cache), false)
 7 FCPATH/index.php(67): CodeIgniter\CodeIgniter->run()
 8 SYSTEMPATH/Commands/Server/rewrite.php(47): require_once('FCPATH/index.php')
